<?xml version="1.0" encoding="utf-8"?><testsuites name="pytest tests"><testsuite name="pytest" errors="0" failures="0" skipped="0" tests="28" time="20.865" timestamp="2026-03-10T00:34:16.362723+00:00" hostname="agent-env-0ddfb3f1-0f4c-462e-aad0-89308ab76b16"><testcase classname="backend.tests.test_closers_api.TestCloserAuthentication" name="test_admin_login_returns_correct_role" time="0.486" /><testcase classname="backend.tests.test_closers_api.TestCloserAuthentication" name="test_closer_login_returns_closer_role" time="0.690" /><testcase classname="backend.tests.test_closers_api.TestCommissionTiers" name="test_list_commission_tiers" time="0.550" /><testcase classname="backend.tests.test_closers_api.TestCommissionTiers" name="test_create_commission_tier" time="0.470" /><testcase classname="backend.tests.test_closers_api.TestCommissionTiers" name="test_update_commission_tier" time="0.734" /><testcase classname="backend.tests.test_closers_api.TestCommissionTiers" name="test_delete_commission_tier" time="0.608" /><testcase classname="backend.tests.test_closers_api.TestCommissionTiers" name="test_closer_cannot_access_tiers" time="0.897" /><testcase classname="backend.tests.test_closers_api.TestClosersCRUD" name="test_list_closers" time="0.455" /><testcase classname="backend.tests.test_closers_api.TestClosersCRUD" name="test_create_closer" time="0.702" /><testcase classname="backend.tests.test_closers_api.TestClosersCRUD" name="test_create_closer_duplicate_email_fails" time="0.455" /><testcase classname="backend.tests.test_closers_api.TestClosersCRUD" name="test_update_closer" time="0.629" /><testcase classname="backend.tests.test_closers_api.TestClosersCRUD" name="test_delete_closer" time="0.598" /><testcase classname="backend.tests.test_closers_api.TestDealsManagement" name="test_closer_create_deal" time="0.802" /><testcase classname="backend.tests.test_closers_api.TestDealsManagement" name="test_closer_list_own_deals" time="0.886" /><testcase classname="backend.tests.test_closers_api.TestDealsManagement" name="test_admin_list_all_deals" time="0.805" /><testcase classname="backend.tests.test_closers_api.TestDealsManagement" name="test_closer_update_own_en_cours_deal" time="0.988" /><testcase classname="backend.tests.test_closers_api.TestDealsManagement" name="test_closer_cannot_validate_deal" time="0.996" /><testcase classname="backend.tests.test_closers_api.TestDealsManagement" name="test_admin_validate_deal" time="0.934" /><testcase classname="backend.tests.test_closers_api.TestDealsManagement" name="test_commission_calculation_correctness" time="0.971" /><testcase classname="backend.tests.test_closers_api.TestDealsManagement" name="test_admin_reject_deal" time="0.951" /><testcase classname="backend.tests.test_closers_api.TestDealsManagement" name="test_closer_mark_deal_lost" time="0.935" /><testcase classname="backend.tests.test_closers_api.TestDealsManagement" name="test_closer_cannot_edit_signed_deal" time="1.045" /><testcase classname="backend.tests.test_closers_api.TestCloserDashboard" name="test_closer_dashboard" time="0.453" /><testcase classname="backend.tests.test_closers_api.TestCloserDashboard" name="test_closer_monthly_stats" time="0.485" /><testcase classname="backend.tests.test_closers_api.TestStatsAfterValidation" name="test_stats_update_after_validation" time="1.200" /><testcase classname="backend.tests.test_closers_api.TestCleanup" name="test_cleanup_test_deals" time="1.102" /><testcase classname="backend.tests.test_closers_api.TestCleanup" name="test_cleanup_test_closers" time="0.465" /><testcase classname="backend.tests.test_closers_api.TestCleanup" name="test_cleanup_test_tiers" time="0.478" /></testsuite></testsuites>