<?xml version="1.0" encoding="utf-8"?><testsuites name="pytest tests"><testsuite name="pytest" errors="0" failures="3" skipped="0" tests="28" time="29.183" timestamp="2026-02-22T14:41:54.231958+00:00" hostname="agent-env-2620aac1-20df-4806-bcf8-f5a190cb05ce"><testcase classname="backend.tests.test_receipty_api.TestAPIRoot" name="test_api_root" time="0.242" /><testcase classname="backend.tests.test_receipty_api.TestAuthentication" name="test_login_success" time="0.349" /><testcase classname="backend.tests.test_receipty_api.TestAuthentication" name="test_login_invalid_credentials" time="0.122" /><testcase classname="backend.tests.test_receipty_api.TestAuthentication" name="test_login_missing_fields" time="0.114" /><testcase classname="backend.tests.test_receipty_api.TestPublicEndpoints" name="test_solutions_list" time="0.101" /><testcase classname="backend.tests.test_receipty_api.TestPublicEndpoints" name="test_case_studies_list" time="0.104" /><testcase classname="backend.tests.test_receipty_api.TestPublicEndpoints" name="test_site_content" time="0.125" /><testcase classname="backend.tests.test_receipty_api.TestPublicEndpoints" name="test_contact_form_submission" time="0.116" /><testcase classname="backend.tests.test_receipty_api.TestAuthenticatedEndpoints" name="test_admin_stats" time="0.487" /><testcase classname="backend.tests.test_receipty_api.TestAuthenticatedEndpoints" name="test_list_admins" time="0.453" /><testcase classname="backend.tests.test_receipty_api.TestAuthenticatedEndpoints" name="test_audit_logs" time="0.436" /><testcase classname="backend.tests.test_receipty_api.TestAuditAndROIModule" name="test_create_audit_with_ai_generation" time="19.628" /><testcase classname="backend.tests.test_receipty_api.TestAuditAndROIModule" name="test_list_audits" time="0.547" /><testcase classname="backend.tests.test_receipty_api.TestAuditAndROIModule" name="test_get_audit_detail" time="0.565" /><testcase classname="backend.tests.test_receipty_api.TestAuditAndROIModule" name="test_audit_pdf_download" time="0.576" /><testcase classname="backend.tests.test_receipty_api.TestAuditAndROIModule" name="test_delete_audit" time="0.565" /><testcase classname="backend.tests.test_receipty_api.TestQuotesPDFGeneration" name="test_generate_quote_pdf" time="0.485" /><testcase classname="backend.tests.test_receipty_api.TestQuotesPDFGeneration" name="test_list_quotes" time="0.468" /><testcase classname="backend.tests.test_receipty_api.TestQuotesPDFGeneration" name="test_cleanup_test_quotes" time="0.569" /><testcase classname="backend.tests.test_receipty_api.TestLeadsManagement" name="test_create_lead" time="0.473" /><testcase classname="backend.tests.test_receipty_api.TestLeadsManagement" name="test_list_leads" time="0.439"><failure message="assert 520 == 200&#10; +  where 520 = &lt;Response [520]&gt;.status_code">backend/tests/test_receipty_api.py:408: in test_list_leads
    assert response.status_code == 200
E   assert 520 == 200
E    +  where 520 = &lt;Response [520]&gt;.status_code</failure></testcase><testcase classname="backend.tests.test_receipty_api.TestLeadsManagement" name="test_update_lead_status" time="0.447"><failure message="assert 520 == 200&#10; +  where 520 = &lt;Response [520]&gt;.status_code">backend/tests/test_receipty_api.py:416: in test_update_lead_status
    leads = self.test_list_leads()
            ^^^^^^^^^^^^^^^^^^^^^^
backend/tests/test_receipty_api.py:408: in test_list_leads
    assert response.status_code == 200
E   assert 520 == 200
E    +  where 520 = &lt;Response [520]&gt;.status_code</failure></testcase><testcase classname="backend.tests.test_receipty_api.TestLeadsManagement" name="test_cleanup_test_leads" time="0.449"><failure message="assert 520 == 200&#10; +  where 520 = &lt;Response [520]&gt;.status_code">backend/tests/test_receipty_api.py:435: in test_cleanup_test_leads
    leads = self.test_list_leads()
            ^^^^^^^^^^^^^^^^^^^^^^
backend/tests/test_receipty_api.py:408: in test_list_leads
    assert response.status_code == 200
E   assert 520 == 200
E    +  where 520 = &lt;Response [520]&gt;.status_code</failure></testcase><testcase classname="backend.tests.test_receipty_api.TestSolutionsAPI" name="test_get_solution_detail" time="0.276" /><testcase classname="backend.tests.test_receipty_api.TestCaseStudiesAPI" name="test_get_case_study_detail" time="0.237" /><testcase classname="backend.tests.test_receipty_api.TestErrorHandling" name="test_unauthorized_access" time="0.125" /><testcase classname="backend.tests.test_receipty_api.TestErrorHandling" name="test_invalid_token" time="0.104" /><testcase classname="backend.tests.test_receipty_api.TestErrorHandling" name="test_not_found_audit" time="0.447" /></testsuite></testsuites>